Sat Jan 05 2019 23:38:33 GMT-0800 (Pacific Standard Time): GET /about
Sat Jan 05 2019 23:45:53 GMT-0800 (Pacific Standard Time): GET /about
Sat Jan 05 2019 23:45:59 GMT-0800 (Pacific Standard Time): GET /about
Sat Jan 05 2019 23:46:03 GMT-0800 (Pacific Standard Time): GET /home
Sat Jan 05 2019 23:46:04 GMT-0800 (Pacific Standard Time): GET /home
Sat Jan 05 2019 23:46:09 GMT-0800 (Pacific Standard Time): GET /about
Sat Jan 05 2019 23:46:23 GMT-0800 (Pacific Standard Time): GET /home
Sat Jan 05 2019 23:49:55 GMT-0800 (Pacific Standard Time): GET /help.html
Sat Jan 05 2019 23:52:39 GMT-0800 (Pacific Standard Time): GET /help.html
Sat Jan 05 2019 23:52:44 GMT-0800 (Pacific Standard Time): GET /home
Sun Jan 06 2019 00:53:57 GMT-0800 (Pacific Standard Time): GET /home
Sun Jan 06 2019 01:35:17 GMT-0800 (Pacific Standard Time): GET /project
Sun Jan 06 2019 01:35:20 GMT-0800 (Pacific Standard Time): GET /about
Sun Jan 06 2019 01:35:21 GMT-0800 (Pacific Standard Time): GET /
Sun Jan 06 2019 01:35:25 GMT-0800 (Pacific Standard Time): GET /home
Sun Jan 06 2019 01:35:30 GMT-0800 (Pacific Standard Time): GET /about
Sun Jan 06 2019 01:35:33 GMT-0800 (Pacific Standard Time): GET /project
Sun Jan 06 2019 01:35:48 GMT-0800 (Pacific Standard Time): GET /project
Sun Jan 06 2019 01:35:50 GMT-0800 (Pacific Standard Time): GET /
Sun Jan 06 2019 01:36:01 GMT-0800 (Pacific Standard Time): GET /
Sun Jan 06 2019 01:36:02 GMT-0800 (Pacific Standard Time): GET /
Sun Jan 06 2019 01:36:03 GMT-0800 (Pacific Standard Time): GET /about
Sun Jan 06 2019 01:36:04 GMT-0800 (Pacific Standard Time): GET /project
Sun Jan 06 2019 01:36:05 GMT-0800 (Pacific Standard Time): GET /about
Sun Jan 06 2019 01:36:07 GMT-0800 (Pacific Standard Time): GET /project
Sun Jan 06 2019 01:36:09 GMT-0800 (Pacific Standard Time): GET /project
Sun Jan 06 2019 01:36:10 GMT-0800 (Pacific Standard Time): GET /about
Sun Jan 06 2019 01:36:10 GMT-0800 (Pacific Standard Time): GET /
